c:\thomas\parksys-dll\LPNR\x64\Release\cl.command.1.tlog
c:\thomas\parksys-dll\LPNR\x64\Release\CL.read.1.tlog
c:\thomas\parksys-dll\LPNR\x64\Release\CL.write.1.tlog
c:\thomas\parksys-dll\LPNR\x64\Release\link.command.1.tlog
c:\thomas\parksys-dll\LPNR\x64\Release\link.read.1.tlog
c:\thomas\parksys-dll\LPNR\x64\Release\link.write.1.tlog
C:\THOMAS\PARKSYS-DLL\LPNR\X64\RELEASE\LPNR.DLL.INTERMEDIATE.MANIFEST
c:\thomas\parksys-dll\LPNR\x64\Release\LPNR.vcxprojResolveAssemblyReference.cache
c:\thomas\parksys-dll\LPNR\x64\Release\LPNR.write.1.tlog
c:\thomas\parksys-dll\LPNR\x64\Release\mt.command.1.tlog
c:\thomas\parksys-dll\LPNR\x64\Release\mt.read.1.tlog
c:\thomas\parksys-dll\LPNR\x64\Release\mt.write.1.tlog
C:\THOMAS\PARKSYS-DLL\LPNR\X64\RELEASE\MTRACE.OBJ
C:\THOMAS\PARKSYS-DLL\LPNR\X64\RELEASE\RWLPNRAPI.OBJ
C:\THOMAS\PARKSYS-DLL\LPNR\X64\RELEASE\VC100.PDB
C:\THOMAS\PARKSYS-DLL\LPNR\X64\RELEASE\WINNET.OBJ
C:\THOMAS\PARKSYS-DLL\X64\RELEASE\LPNR.DLL
c:\thomas\parksys-dll\x64\Release\LPNR.exp
c:\thomas\parksys-dll\x64\Release\LPNR.lib
C:\THOMAS\PARKSYS-DLL\X64\RELEASE\LPNR.PDB
